2018-11-26 02:51:48,890 ERROR 2342 [-/::1/-/2821ms GET /api/v1/items?framePosition=0&frameSize=25&itemTitle=%81] nodejs.TypeError: Cannot read property 'ErrorCode' of undefined
    at ItemService.searchItemsFrame (/Volumes/Repos/paul-backend/app/service/items.js:81:64)
    at <anonymous>
    at process._tickCallback (internal/process/next_tick.js:188:7)

pid: 2342
hostname: Tals-iMac.local

2018-11-26 02:52:30,463 ERROR 2438 [-/::1/-/1270ms GET /api/v1/items?framePosition=0&frameSize=25&itemTitle=%81] nodejs.TypeError: Cannot read property 'ErrorCode' of undefined
    at ItemService.searchItemsFrame (/Volumes/Repos/paul-backend/app/service/items.js:81:64)
    at <anonymous>
    at process._tickCallback (internal/process/next_tick.js:188:7)

pid: 2438
hostname: Tals-iMac.local

2018-11-26 02:53:13,795 ERROR 2438 [-/::1/-/4782ms GET /api/v1/items?framePosition=0&frameSize=25&itemTitle=power] nodejs.TypeError: Cannot read property 'ErrorCode' of undefined
    at ItemService.searchItemsFrame (/Volumes/Repos/paul-backend/app/service/items.js:81:64)
    at <anonymous>
    at process._tickCallback (internal/process/next_tick.js:188:7)

pid: 2438
hostname: Tals-iMac.local

2018-11-26 03:24:17,838 ERROR 5203 [-/::1/-/11ms GET /api/v1/items?framePosition=0&frameSize=25&provider=Alibaba1688&itemTitle=power] nodejs.TypeError: Cannot read property 'projectId' of undefined
    at new ItemService (/Volumes/Repos/paul-backend/app/service/items.js:15:40)
    at getInstance (/Volumes/Repos/paul-backend/node_modules/egg-core/lib/loader/context_loader.js:92:18)
    at ClassLoader.get (/Volumes/Repos/paul-backend/node_modules/egg-core/lib/loader/context_loader.js:27:22)
    at ItemsController.index (/Volumes/Repos/paul-backend/app/controller/items.js:61:43)
    at Object.callFn (/Volumes/Repos/paul-backend/node_modules/egg-core/lib/utils/index.js:36:21)
    at Object.classControllerMiddleware (/Volumes/Repos/paul-backend/node_modules/egg-core/lib/loader/mixin/controller.js:87:20)
    at Object.callFn (/Volumes/Repos/paul-backend/node_modules/egg-core/lib/utils/index.js:36:21)
    at wrappedController (/Volumes/Repos/paul-backend/node_modules/egg-core/lib/utils/router.js:322:18)
    at dispatch (/Volumes/Repos/paul-backend/node_modules/koa-router/node_modules/koa-compose/index.js:44:32)
    at next (/Volumes/Repos/paul-backend/node_modules/koa-router/node_modules/koa-compose/index.js:45:18)

pid: 5203
hostname: Tals-iMac.local

