2018-11-26 00:00:01,019 INFO 1190 [egg-logrotator] app logger reload: got log-reload message
2018-11-26 02:45:55,829 INFO 1589 [egg:logger] init all loggers with options: {"dir":"/Volumes/Repos/paul-backend/logs/ot-api","encoding":"utf8","env":"local","level":"INFO","consoleLevel":"INFO","disableConsoleAfterReady":false,"outputJSON":false,"buffer":true,"appLogName":"ot-api-web.log","coreLogName":"egg-web.log","agentLogName":"egg-agent.log","errorLogName":"common-error.log","coreLogger":{"consoleLevel":"WARN"},"allowDebugAtProd":false,"type":"application"}
2018-11-26 02:45:55,892 INFO 1589 [egg-schedule]: register schedule /Volumes/Repos/paul-backend/node_modules/egg-logrotator/app/schedule/clean_log.js
2018-11-26 02:45:55,892 INFO 1589 [egg-schedule]: register schedule /Volumes/Repos/paul-backend/node_modules/egg-logrotator/app/schedule/rotate_by_file.js
2018-11-26 02:45:55,893 INFO 1589 [egg-multipart] stream mode enable
2018-11-26 02:45:55,971 INFO 1589 [egg-static] starting static serve /public/ -> /Volumes/Repos/paul-backend/app/public
2018-11-26 02:45:55,974 INFO 1589 [egg-security] use csrf middleware
2018-11-26 02:45:55,974 INFO 1589 [egg-security] use methodnoallow middleware
2018-11-26 02:45:55,975 INFO 1589 [egg-security] use noopen middleware
2018-11-26 02:45:55,976 INFO 1589 [egg-security] use nosniff middleware
2018-11-26 02:45:55,977 INFO 1589 [egg-security] use xssProtection middleware
2018-11-26 02:45:55,978 INFO 1589 [egg-security] use xframe middleware
2018-11-26 02:45:55,979 INFO 1589 [egg-security] use dta middleware
2018-11-26 02:45:55,979 INFO 1589 [egg-security] compose 7 middlewares into one security middleware
2018-11-26 02:45:55,990 INFO 1589 [egg:core] dump config after load, 5ms
2018-11-26 02:45:56,003 INFO 1589 [egg-watcher:application] watcher start success
2018-11-26 02:45:56,008 INFO 1589 [egg:core] dump config after ready, 3ms
2018-11-26 02:46:15,999 INFO 1786 [egg:logger] init all loggers with options: {"dir":"/Volumes/Repos/paul-backend/logs/ot-api","encoding":"utf8","env":"local","level":"INFO","consoleLevel":"DEBUG","disableConsoleAfterReady":false,"outputJSON":false,"buffer":true,"appLogName":"ot-api-web.log","coreLogName":"egg-web.log","agentLogName":"egg-agent.log","errorLogName":"common-error.log","coreLogger":{"consoleLevel":"WARN"},"allowDebugAtProd":false,"type":"application"}
2018-11-26 02:46:16,032 INFO 1786 [egg-schedule]: register schedule /Volumes/Repos/paul-backend/node_modules/egg-logrotator/app/schedule/clean_log.js
2018-11-26 02:46:16,032 INFO 1786 [egg-schedule]: register schedule /Volumes/Repos/paul-backend/node_modules/egg-logrotator/app/schedule/rotate_by_file.js
2018-11-26 02:46:16,032 INFO 1786 [egg-multipart] stream mode enable
2018-11-26 02:46:16,093 INFO 1786 [egg-static] starting static serve /public/ -> /Volumes/Repos/paul-backend/app/public
2018-11-26 02:46:16,095 INFO 1786 [egg-security] use csrf middleware
2018-11-26 02:46:16,096 INFO 1786 [egg-security] use methodnoallow middleware
2018-11-26 02:46:16,096 INFO 1786 [egg-security] use noopen middleware
2018-11-26 02:46:16,096 INFO 1786 [egg-security] use nosniff middleware
2018-11-26 02:46:16,096 INFO 1786 [egg-security] use xssProtection middleware
2018-11-26 02:46:16,097 INFO 1786 [egg-security] use xframe middleware
2018-11-26 02:46:16,097 INFO 1786 [egg-security] use dta middleware
2018-11-26 02:46:16,097 INFO 1786 [egg-security] compose 7 middlewares into one security middleware
2018-11-26 02:46:16,105 INFO 1786 [egg:core] dump config after load, 4ms
2018-11-26 02:46:16,114 INFO 1786 [egg-watcher:application] watcher start success
2018-11-26 02:46:16,119 INFO 1786 [egg:core] dump config after ready, 3ms
2018-11-26 02:47:39,471 INFO 1990 [egg:logger] init all loggers with options: {"dir":"/Volumes/Repos/paul-backend/logs/ot-api","encoding":"utf8","env":"local","level":"INFO","consoleLevel":"DEBUG","disableConsoleAfterReady":false,"outputJSON":false,"buffer":true,"appLogName":"ot-api-web.log","coreLogName":"egg-web.log","agentLogName":"egg-agent.log","errorLogName":"common-error.log","coreLogger":{"consoleLevel":"WARN"},"allowDebugAtProd":false,"type":"application"}
2018-11-26 02:47:39,514 INFO 1990 [egg-schedule]: register schedule /Volumes/Repos/paul-backend/node_modules/egg-logrotator/app/schedule/clean_log.js
2018-11-26 02:47:39,514 INFO 1990 [egg-schedule]: register schedule /Volumes/Repos/paul-backend/node_modules/egg-logrotator/app/schedule/rotate_by_file.js
2018-11-26 02:47:39,515 INFO 1990 [egg-multipart] stream mode enable
2018-11-26 02:47:39,646 INFO 1990 [egg-static] starting static serve /public/ -> /Volumes/Repos/paul-backend/app/public
2018-11-26 02:47:39,650 INFO 1990 [egg-security] use csrf middleware
2018-11-26 02:47:39,652 INFO 1990 [egg-security] use methodnoallow middleware
2018-11-26 02:47:39,653 INFO 1990 [egg-security] use noopen middleware
2018-11-26 02:47:39,653 INFO 1990 [egg-security] use nosniff middleware
2018-11-26 02:47:39,654 INFO 1990 [egg-security] use xssProtection middleware
2018-11-26 02:47:39,654 INFO 1990 [egg-security] use xframe middleware
2018-11-26 02:47:39,654 INFO 1990 [egg-security] use dta middleware
2018-11-26 02:47:39,654 INFO 1990 [egg-security] compose 7 middlewares into one security middleware
2018-11-26 02:47:39,673 INFO 1990 [egg:core] dump config after load, 10ms
2018-11-26 02:47:39,706 INFO 1990 [egg-watcher:application] watcher start success
2018-11-26 02:47:39,718 INFO 1990 [egg:core] dump config after ready, 7ms
2018-11-26 02:48:56,128 INFO 2188 [egg:logger] init all loggers with options: {"dir":"/Volumes/Repos/paul-backend/logs/ot-api","encoding":"utf8","env":"local","level":"INFO","consoleLevel":"DEBUG","disableConsoleAfterReady":false,"outputJSON":false,"buffer":true,"appLogName":"ot-api-web.log","coreLogName":"egg-web.log","agentLogName":"egg-agent.log","errorLogName":"common-error.log","coreLogger":{"consoleLevel":"WARN"},"allowDebugAtProd":false,"type":"application"}
2018-11-26 02:48:56,164 INFO 2188 [egg-schedule]: register schedule /Volumes/Repos/paul-backend/node_modules/egg-logrotator/app/schedule/clean_log.js
2018-11-26 02:48:56,164 INFO 2188 [egg-schedule]: register schedule /Volumes/Repos/paul-backend/node_modules/egg-logrotator/app/schedule/rotate_by_file.js
2018-11-26 02:48:56,165 INFO 2188 [egg-multipart] stream mode enable
2018-11-26 02:48:56,272 INFO 2188 [egg-static] starting static serve /public/ -> /Volumes/Repos/paul-backend/app/public
2018-11-26 02:48:56,274 INFO 2188 [egg-security] use csrf middleware
2018-11-26 02:48:56,274 INFO 2188 [egg-security] use methodnoallow middleware
2018-11-26 02:48:56,274 INFO 2188 [egg-security] use noopen middleware
2018-11-26 02:48:56,275 INFO 2188 [egg-security] use nosniff middleware
2018-11-26 02:48:56,275 INFO 2188 [egg-security] use xssProtection middleware
2018-11-26 02:48:56,275 INFO 2188 [egg-security] use xframe middleware
2018-11-26 02:48:56,275 INFO 2188 [egg-security] use dta middleware
2018-11-26 02:48:56,275 INFO 2188 [egg-security] compose 7 middlewares into one security middleware
2018-11-26 02:48:56,284 INFO 2188 [egg:core] dump config after load, 4ms
2018-11-26 02:48:56,292 INFO 2188 [egg-watcher:application] watcher start success
2018-11-26 02:48:56,298 INFO 2188 [egg:core] dump config after ready, 4ms
2018-11-26 02:50:02,168 INFO 2196 [egg:logger] init all loggers with options: {"dir":"/Volumes/Repos/paul-backend/logs/ot-api","encoding":"utf8","env":"local","level":"INFO","consoleLevel":"DEBUG","disableConsoleAfterReady":false,"outputJSON":false,"buffer":true,"appLogName":"ot-api-web.log","coreLogName":"egg-web.log","agentLogName":"egg-agent.log","errorLogName":"common-error.log","coreLogger":{"consoleLevel":"WARN"},"allowDebugAtProd":false,"type":"application"}
2018-11-26 02:50:02,198 INFO 2196 [egg-schedule]: register schedule /Volumes/Repos/paul-backend/node_modules/egg-logrotator/app/schedule/clean_log.js
2018-11-26 02:50:02,198 INFO 2196 [egg-schedule]: register schedule /Volumes/Repos/paul-backend/node_modules/egg-logrotator/app/schedule/rotate_by_file.js
2018-11-26 02:50:02,198 INFO 2196 [egg-multipart] stream mode enable
2018-11-26 02:50:02,314 INFO 2196 [egg-static] starting static serve /public/ -> /Volumes/Repos/paul-backend/app/public
2018-11-26 02:50:02,317 INFO 2196 [egg-security] use csrf middleware
2018-11-26 02:50:02,317 INFO 2196 [egg-security] use methodnoallow middleware
2018-11-26 02:50:02,318 INFO 2196 [egg-security] use noopen middleware
2018-11-26 02:50:02,318 INFO 2196 [egg-security] use nosniff middleware
2018-11-26 02:50:02,318 INFO 2196 [egg-security] use xssProtection middleware
2018-11-26 02:50:02,318 INFO 2196 [egg-security] use xframe middleware
2018-11-26 02:50:02,320 INFO 2196 [egg-security] use dta middleware
2018-11-26 02:50:02,320 INFO 2196 [egg-security] compose 7 middlewares into one security middleware
2018-11-26 02:50:02,329 INFO 2196 [egg:core] dump config after load, 5ms
2018-11-26 02:50:02,342 INFO 2196 [egg-watcher:application] watcher start success
2018-11-26 02:50:02,346 INFO 2196 [egg:core] dump config after ready, 3ms
2018-11-26 02:50:47,570 INFO 2206 [egg:logger] init all loggers with options: {"dir":"/Volumes/Repos/paul-backend/logs/ot-api","encoding":"utf8","env":"local","level":"INFO","consoleLevel":"DEBUG","disableConsoleAfterReady":false,"outputJSON":false,"buffer":true,"appLogName":"ot-api-web.log","coreLogName":"egg-web.log","agentLogName":"egg-agent.log","errorLogName":"common-error.log","coreLogger":{"consoleLevel":"WARN"},"allowDebugAtProd":false,"type":"application"}
2018-11-26 02:50:47,601 INFO 2206 [egg-schedule]: register schedule /Volumes/Repos/paul-backend/node_modules/egg-logrotator/app/schedule/clean_log.js
2018-11-26 02:50:47,601 INFO 2206 [egg-schedule]: register schedule /Volumes/Repos/paul-backend/node_modules/egg-logrotator/app/schedule/rotate_by_file.js
2018-11-26 02:50:47,601 INFO 2206 [egg-multipart] stream mode enable
2018-11-26 02:50:47,699 INFO 2206 [egg-static] starting static serve /public/ -> /Volumes/Repos/paul-backend/app/public
2018-11-26 02:50:47,701 INFO 2206 [egg-security] use csrf middleware
2018-11-26 02:50:47,702 INFO 2206 [egg-security] use methodnoallow middleware
2018-11-26 02:50:47,702 INFO 2206 [egg-security] use noopen middleware
2018-11-26 02:50:47,702 INFO 2206 [egg-security] use nosniff middleware
2018-11-26 02:50:47,702 INFO 2206 [egg-security] use xssProtection middleware
2018-11-26 02:50:47,703 INFO 2206 [egg-security] use xframe middleware
2018-11-26 02:50:47,703 INFO 2206 [egg-security] use dta middleware
2018-11-26 02:50:47,703 INFO 2206 [egg-security] compose 7 middlewares into one security middleware
2018-11-26 02:50:47,712 INFO 2206 [egg:core] dump config after load, 5ms
2018-11-26 02:50:47,720 INFO 2206 [egg-watcher:application] watcher start success
2018-11-26 02:50:47,726 INFO 2206 [egg:core] dump config after ready, 4ms
2018-11-26 02:51:07,253 INFO 2216 [egg:logger] init all loggers with options: {"dir":"/Volumes/Repos/paul-backend/logs/ot-api","encoding":"utf8","env":"local","level":"INFO","consoleLevel":"DEBUG","disableConsoleAfterReady":false,"outputJSON":false,"buffer":true,"appLogName":"ot-api-web.log","coreLogName":"egg-web.log","agentLogName":"egg-agent.log","errorLogName":"common-error.log","coreLogger":{"consoleLevel":"WARN"},"allowDebugAtProd":false,"type":"application"}
2018-11-26 02:51:07,285 INFO 2216 [egg-schedule]: register schedule /Volumes/Repos/paul-backend/node_modules/egg-logrotator/app/schedule/clean_log.js
2018-11-26 02:51:07,285 INFO 2216 [egg-schedule]: register schedule /Volumes/Repos/paul-backend/node_modules/egg-logrotator/app/schedule/rotate_by_file.js
2018-11-26 02:51:07,286 INFO 2216 [egg-multipart] stream mode enable
2018-11-26 02:51:07,401 INFO 2216 [egg-static] starting static serve /public/ -> /Volumes/Repos/paul-backend/app/public
2018-11-26 02:51:07,403 INFO 2216 [egg-security] use csrf middleware
2018-11-26 02:51:07,403 INFO 2216 [egg-security] use methodnoallow middleware
2018-11-26 02:51:07,403 INFO 2216 [egg-security] use noopen middleware
2018-11-26 02:51:07,404 INFO 2216 [egg-security] use nosniff middleware
2018-11-26 02:51:07,404 INFO 2216 [egg-security] use xssProtection middleware
2018-11-26 02:51:07,404 INFO 2216 [egg-security] use xframe middleware
2018-11-26 02:51:07,404 INFO 2216 [egg-security] use dta middleware
2018-11-26 02:51:07,404 INFO 2216 [egg-security] compose 7 middlewares into one security middleware
2018-11-26 02:51:07,413 INFO 2216 [egg:core] dump config after load, 4ms
2018-11-26 02:51:07,422 INFO 2216 [egg-watcher:application] watcher start success
2018-11-26 02:51:07,428 INFO 2216 [egg:core] dump config after ready, 3ms
2018-11-26 02:51:42,315 INFO 2342 [egg:logger] init all loggers with options: {"dir":"/Volumes/Repos/paul-backend/logs/ot-api","encoding":"utf8","env":"local","level":"INFO","consoleLevel":"DEBUG","disableConsoleAfterReady":false,"outputJSON":false,"buffer":true,"appLogName":"ot-api-web.log","coreLogName":"egg-web.log","agentLogName":"egg-agent.log","errorLogName":"common-error.log","coreLogger":{"consoleLevel":"WARN"},"allowDebugAtProd":false,"type":"application"}
2018-11-26 02:51:42,345 INFO 2342 [egg-schedule]: register schedule /Volumes/Repos/paul-backend/node_modules/egg-logrotator/app/schedule/clean_log.js
2018-11-26 02:51:42,345 INFO 2342 [egg-schedule]: register schedule /Volumes/Repos/paul-backend/node_modules/egg-logrotator/app/schedule/rotate_by_file.js
2018-11-26 02:51:42,345 INFO 2342 [egg-multipart] stream mode enable
2018-11-26 02:51:42,456 INFO 2342 [egg-static] starting static serve /public/ -> /Volumes/Repos/paul-backend/app/public
2018-11-26 02:51:42,457 INFO 2342 [egg-security] use csrf middleware
2018-11-26 02:51:42,458 INFO 2342 [egg-security] use methodnoallow middleware
2018-11-26 02:51:42,458 INFO 2342 [egg-security] use noopen middleware
2018-11-26 02:51:42,458 INFO 2342 [egg-security] use nosniff middleware
2018-11-26 02:51:42,459 INFO 2342 [egg-security] use xssProtection middleware
2018-11-26 02:51:42,459 INFO 2342 [egg-security] use xframe middleware
2018-11-26 02:51:42,459 INFO 2342 [egg-security] use dta middleware
2018-11-26 02:51:42,459 INFO 2342 [egg-security] compose 7 middlewares into one security middleware
2018-11-26 02:51:42,468 INFO 2342 [egg:core] dump config after load, 4ms
2018-11-26 02:51:42,476 INFO 2342 [egg-watcher:application] watcher start success
2018-11-26 02:51:42,481 INFO 2342 [egg:core] dump config after ready, 4ms
2018-11-26 02:52:27,248 INFO 2438 [egg:logger] init all loggers with options: {"dir":"/Volumes/Repos/paul-backend/logs/ot-api","encoding":"utf8","env":"local","level":"INFO","consoleLevel":"DEBUG","disableConsoleAfterReady":false,"outputJSON":false,"buffer":true,"appLogName":"ot-api-web.log","coreLogName":"egg-web.log","agentLogName":"egg-agent.log","errorLogName":"common-error.log","coreLogger":{"consoleLevel":"WARN"},"allowDebugAtProd":false,"type":"application"}
2018-11-26 02:52:27,282 INFO 2438 [egg-schedule]: register schedule /Volumes/Repos/paul-backend/node_modules/egg-logrotator/app/schedule/clean_log.js
2018-11-26 02:52:27,282 INFO 2438 [egg-schedule]: register schedule /Volumes/Repos/paul-backend/node_modules/egg-logrotator/app/schedule/rotate_by_file.js
2018-11-26 02:52:27,282 INFO 2438 [egg-multipart] stream mode enable
2018-11-26 02:52:27,399 INFO 2438 [egg-static] starting static serve /public/ -> /Volumes/Repos/paul-backend/app/public
2018-11-26 02:52:27,400 INFO 2438 [egg-security] use csrf middleware
2018-11-26 02:52:27,401 INFO 2438 [egg-security] use methodnoallow middleware
2018-11-26 02:52:27,401 INFO 2438 [egg-security] use noopen middleware
2018-11-26 02:52:27,401 INFO 2438 [egg-security] use nosniff middleware
2018-11-26 02:52:27,402 INFO 2438 [egg-security] use xssProtection middleware
2018-11-26 02:52:27,402 INFO 2438 [egg-security] use xframe middleware
2018-11-26 02:52:27,402 INFO 2438 [egg-security] use dta middleware
2018-11-26 02:52:27,402 INFO 2438 [egg-security] compose 7 middlewares into one security middleware
2018-11-26 02:52:27,412 INFO 2438 [egg:core] dump config after load, 6ms
2018-11-26 02:52:27,420 INFO 2438 [egg-watcher:application] watcher start success
2018-11-26 02:52:27,426 INFO 2438 [egg:core] dump config after ready, 3ms
2018-11-26 02:55:58,800 INFO 2701 [egg:logger] init all loggers with options: {"dir":"/Volumes/Repos/paul-backend/logs/ot-api","encoding":"utf8","env":"local","level":"INFO","consoleLevel":"DEBUG","disableConsoleAfterReady":false,"outputJSON":false,"buffer":true,"appLogName":"ot-api-web.log","coreLogName":"egg-web.log","agentLogName":"egg-agent.log","errorLogName":"common-error.log","coreLogger":{"consoleLevel":"WARN"},"allowDebugAtProd":false,"type":"application"}
2018-11-26 02:55:58,835 INFO 2701 [egg-schedule]: register schedule /Volumes/Repos/paul-backend/node_modules/egg-logrotator/app/schedule/clean_log.js
2018-11-26 02:55:58,835 INFO 2701 [egg-schedule]: register schedule /Volumes/Repos/paul-backend/node_modules/egg-logrotator/app/schedule/rotate_by_file.js
2018-11-26 02:55:58,836 INFO 2701 [egg-multipart] stream mode enable
2018-11-26 02:55:58,903 INFO 2701 [egg-static] starting static serve /public/ -> /Volumes/Repos/paul-backend/app/public
2018-11-26 02:55:58,905 INFO 2701 [egg-security] use csrf middleware
2018-11-26 02:55:58,905 INFO 2701 [egg-security] use methodnoallow middleware
2018-11-26 02:55:58,906 INFO 2701 [egg-security] use noopen middleware
2018-11-26 02:55:58,906 INFO 2701 [egg-security] use nosniff middleware
2018-11-26 02:55:58,906 INFO 2701 [egg-security] use xssProtection middleware
2018-11-26 02:55:58,906 INFO 2701 [egg-security] use xframe middleware
2018-11-26 02:55:58,907 INFO 2701 [egg-security] use dta middleware
2018-11-26 02:55:58,907 INFO 2701 [egg-security] compose 7 middlewares into one security middleware
2018-11-26 02:55:58,916 INFO 2701 [egg:core] dump config after load, 5ms
2018-11-26 02:55:58,927 INFO 2701 [egg-watcher:application] watcher start success
2018-11-26 02:55:58,934 INFO 2701 [egg:core] dump config after ready, 3ms
2018-11-26 02:58:48,026 INFO 2899 [egg:logger] init all loggers with options: {"dir":"/Volumes/Repos/paul-backend/logs/ot-api","encoding":"utf8","env":"local","level":"INFO","consoleLevel":"DEBUG","disableConsoleAfterReady":false,"outputJSON":false,"buffer":true,"appLogName":"ot-api-web.log","coreLogName":"egg-web.log","agentLogName":"egg-agent.log","errorLogName":"common-error.log","coreLogger":{"consoleLevel":"WARN"},"allowDebugAtProd":false,"type":"application"}
2018-11-26 02:58:48,056 INFO 2899 [egg-schedule]: register schedule /Volumes/Repos/paul-backend/node_modules/egg-logrotator/app/schedule/clean_log.js
2018-11-26 02:58:48,056 INFO 2899 [egg-schedule]: register schedule /Volumes/Repos/paul-backend/node_modules/egg-logrotator/app/schedule/rotate_by_file.js
2018-11-26 02:58:48,057 INFO 2899 [egg-multipart] stream mode enable
2018-11-26 02:58:48,117 INFO 2899 [egg-static] starting static serve /public/ -> /Volumes/Repos/paul-backend/app/public
2018-11-26 02:58:48,119 INFO 2899 [egg-security] use csrf middleware
2018-11-26 02:58:48,121 INFO 2899 [egg-security] use methodnoallow middleware
2018-11-26 02:58:48,122 INFO 2899 [egg-security] use noopen middleware
2018-11-26 02:58:48,123 INFO 2899 [egg-security] use nosniff middleware
2018-11-26 02:58:48,123 INFO 2899 [egg-security] use xssProtection middleware
2018-11-26 02:58:48,124 INFO 2899 [egg-security] use xframe middleware
2018-11-26 02:58:48,124 INFO 2899 [egg-security] use dta middleware
2018-11-26 02:58:48,124 INFO 2899 [egg-security] compose 7 middlewares into one security middleware
2018-11-26 02:58:48,133 INFO 2899 [egg:core] dump config after load, 5ms
2018-11-26 02:58:48,142 INFO 2899 [egg-watcher:application] watcher start success
2018-11-26 02:58:48,148 INFO 2899 [egg:core] dump config after ready, 4ms
2018-11-26 02:59:05,887 INFO 2970 [egg:logger] init all loggers with options: {"dir":"/Volumes/Repos/paul-backend/logs/ot-api","encoding":"utf8","env":"local","level":"INFO","consoleLevel":"DEBUG","disableConsoleAfterReady":false,"outputJSON":false,"buffer":true,"appLogName":"ot-api-web.log","coreLogName":"egg-web.log","agentLogName":"egg-agent.log","errorLogName":"common-error.log","coreLogger":{"consoleLevel":"WARN"},"allowDebugAtProd":false,"type":"application"}
2018-11-26 02:59:05,920 INFO 2970 [egg-schedule]: register schedule /Volumes/Repos/paul-backend/node_modules/egg-logrotator/app/schedule/clean_log.js
2018-11-26 02:59:05,920 INFO 2970 [egg-schedule]: register schedule /Volumes/Repos/paul-backend/node_modules/egg-logrotator/app/schedule/rotate_by_file.js
2018-11-26 02:59:05,921 INFO 2970 [egg-multipart] stream mode enable
2018-11-26 02:59:05,988 INFO 2970 [egg-static] starting static serve /public/ -> /Volumes/Repos/paul-backend/app/public
2018-11-26 02:59:05,989 INFO 2970 [egg-security] use csrf middleware
2018-11-26 02:59:05,990 INFO 2970 [egg-security] use methodnoallow middleware
2018-11-26 02:59:05,990 INFO 2970 [egg-security] use noopen middleware
2018-11-26 02:59:05,990 INFO 2970 [egg-security] use nosniff middleware
2018-11-26 02:59:05,991 INFO 2970 [egg-security] use xssProtection middleware
2018-11-26 02:59:05,991 INFO 2970 [egg-security] use xframe middleware
2018-11-26 02:59:05,991 INFO 2970 [egg-security] use dta middleware
2018-11-26 02:59:05,991 INFO 2970 [egg-security] compose 7 middlewares into one security middleware
2018-11-26 02:59:06,001 INFO 2970 [egg:core] dump config after load, 3ms
2018-11-26 02:59:06,009 INFO 2970 [egg-watcher:application] watcher start success
2018-11-26 02:59:06,015 INFO 2970 [egg:core] dump config after ready, 3ms
2018-11-26 02:59:30,910 INFO 3186 [egg:logger] init all loggers with options: {"dir":"/Volumes/Repos/paul-backend/logs/ot-api","encoding":"utf8","env":"local","level":"INFO","consoleLevel":"DEBUG","disableConsoleAfterReady":false,"outputJSON":false,"buffer":true,"appLogName":"ot-api-web.log","coreLogName":"egg-web.log","agentLogName":"egg-agent.log","errorLogName":"common-error.log","coreLogger":{"consoleLevel":"WARN"},"allowDebugAtProd":false,"type":"application"}
2018-11-26 02:59:30,942 INFO 3186 [egg-schedule]: register schedule /Volumes/Repos/paul-backend/node_modules/egg-logrotator/app/schedule/clean_log.js
2018-11-26 02:59:30,942 INFO 3186 [egg-schedule]: register schedule /Volumes/Repos/paul-backend/node_modules/egg-logrotator/app/schedule/rotate_by_file.js
2018-11-26 02:59:30,942 INFO 3186 [egg-multipart] stream mode enable
2018-11-26 02:59:30,999 INFO 3186 [egg-static] starting static serve /public/ -> /Volumes/Repos/paul-backend/app/public
2018-11-26 02:59:31,001 INFO 3186 [egg-security] use csrf middleware
2018-11-26 02:59:31,001 INFO 3186 [egg-security] use methodnoallow middleware
2018-11-26 02:59:31,001 INFO 3186 [egg-security] use noopen middleware
2018-11-26 02:59:31,002 INFO 3186 [egg-security] use nosniff middleware
2018-11-26 02:59:31,002 INFO 3186 [egg-security] use xssProtection middleware
2018-11-26 02:59:31,005 INFO 3186 [egg-security] use xframe middleware
2018-11-26 02:59:31,005 INFO 3186 [egg-security] use dta middleware
2018-11-26 02:59:31,005 INFO 3186 [egg-security] compose 7 middlewares into one security middleware
2018-11-26 02:59:31,014 INFO 3186 [egg:core] dump config after load, 4ms
2018-11-26 02:59:31,026 INFO 3186 [egg-watcher:application] watcher start success
2018-11-26 02:59:31,031 INFO 3186 [egg:core] dump config after ready, 3ms
2018-11-26 03:01:00,702 INFO 3692 [egg:logger] init all loggers with options: {"dir":"/Volumes/Repos/paul-backend/logs/ot-api","encoding":"utf8","env":"local","level":"INFO","consoleLevel":"INFO","disableConsoleAfterReady":false,"outputJSON":false,"buffer":true,"appLogName":"ot-api-web.log","coreLogName":"egg-web.log","agentLogName":"egg-agent.log","errorLogName":"common-error.log","coreLogger":{"consoleLevel":"WARN"},"allowDebugAtProd":false,"type":"application"}
2018-11-26 03:01:00,732 INFO 3692 [egg-schedule]: register schedule /Volumes/Repos/paul-backend/node_modules/egg-logrotator/app/schedule/clean_log.js
2018-11-26 03:01:00,732 INFO 3692 [egg-schedule]: register schedule /Volumes/Repos/paul-backend/node_modules/egg-logrotator/app/schedule/rotate_by_file.js
2018-11-26 03:01:00,733 INFO 3692 [egg-multipart] stream mode enable
2018-11-26 03:01:00,797 INFO 3692 [egg-static] starting static serve /public/ -> /Volumes/Repos/paul-backend/app/public
2018-11-26 03:01:00,800 INFO 3692 [egg-security] use csrf middleware
2018-11-26 03:01:00,801 INFO 3692 [egg-security] use methodnoallow middleware
2018-11-26 03:01:00,801 INFO 3692 [egg-security] use noopen middleware
2018-11-26 03:01:00,807 INFO 3692 [egg-security] use nosniff middleware
2018-11-26 03:01:00,807 INFO 3692 [egg-security] use xssProtection middleware
2018-11-26 03:01:00,808 INFO 3692 [egg-security] use xframe middleware
2018-11-26 03:01:00,808 INFO 3692 [egg-security] use dta middleware
2018-11-26 03:01:00,808 INFO 3692 [egg-security] compose 7 middlewares into one security middleware
2018-11-26 03:01:00,816 INFO 3692 [egg:core] dump config after load, 4ms
2018-11-26 03:01:00,825 INFO 3692 [egg-watcher:application] watcher start success
2018-11-26 03:01:00,832 INFO 3692 [egg:core] dump config after ready, 4ms
2018-11-26 03:19:49,755 INFO 4765 [egg:logger] init all loggers with options: {"dir":"/Volumes/Repos/paul-backend/logs/ot-api","encoding":"utf8","env":"local","level":"INFO","consoleLevel":"DEBUG","disableConsoleAfterReady":false,"outputJSON":false,"buffer":true,"appLogName":"ot-api-web.log","coreLogName":"egg-web.log","agentLogName":"egg-agent.log","errorLogName":"common-error.log","coreLogger":{"consoleLevel":"WARN"},"allowDebugAtProd":false,"type":"application"}
2018-11-26 03:19:49,818 INFO 4765 [egg-schedule]: register schedule /Volumes/Repos/paul-backend/node_modules/egg-logrotator/app/schedule/clean_log.js
2018-11-26 03:19:49,818 INFO 4765 [egg-schedule]: register schedule /Volumes/Repos/paul-backend/node_modules/egg-logrotator/app/schedule/rotate_by_file.js
2018-11-26 03:19:49,819 INFO 4765 [egg-multipart] stream mode enable
2018-11-26 03:19:49,961 INFO 4765 [egg-static] starting static serve /public/ -> /Volumes/Repos/paul-backend/app/public
2018-11-26 03:19:49,964 INFO 4765 [egg-security] use csrf middleware
2018-11-26 03:19:49,973 INFO 4765 [egg-security] use methodnoallow middleware
2018-11-26 03:19:49,974 INFO 4765 [egg-security] use noopen middleware
2018-11-26 03:19:49,975 INFO 4765 [egg-security] use nosniff middleware
2018-11-26 03:19:49,976 INFO 4765 [egg-security] use xssProtection middleware
2018-11-26 03:19:49,977 INFO 4765 [egg-security] use xframe middleware
2018-11-26 03:19:49,977 INFO 4765 [egg-security] use dta middleware
2018-11-26 03:19:49,977 INFO 4765 [egg-security] compose 7 middlewares into one security middleware
2018-11-26 03:19:49,987 INFO 4765 [egg:core] dump config after load, 5ms
2018-11-26 03:19:49,998 INFO 4765 [egg-watcher:application] watcher start success
2018-11-26 03:19:50,003 INFO 4765 [egg:core] dump config after ready, 3ms
2018-11-26 03:20:21,110 INFO 4821 [egg:logger] init all loggers with options: {"dir":"/Volumes/Repos/paul-backend/logs/ot-api","encoding":"utf8","env":"local","level":"INFO","consoleLevel":"DEBUG","disableConsoleAfterReady":false,"outputJSON":false,"buffer":true,"appLogName":"ot-api-web.log","coreLogName":"egg-web.log","agentLogName":"egg-agent.log","errorLogName":"common-error.log","coreLogger":{"consoleLevel":"WARN"},"allowDebugAtProd":false,"type":"application"}
2018-11-26 03:20:21,145 INFO 4821 [egg-schedule]: register schedule /Volumes/Repos/paul-backend/node_modules/egg-logrotator/app/schedule/clean_log.js
2018-11-26 03:20:21,145 INFO 4821 [egg-schedule]: register schedule /Volumes/Repos/paul-backend/node_modules/egg-logrotator/app/schedule/rotate_by_file.js
2018-11-26 03:20:21,145 INFO 4821 [egg-multipart] stream mode enable
2018-11-26 03:20:21,214 INFO 4821 [egg-static] starting static serve /public/ -> /Volumes/Repos/paul-backend/app/public
2018-11-26 03:20:21,216 INFO 4821 [egg-security] use csrf middleware
2018-11-26 03:20:21,216 INFO 4821 [egg-security] use methodnoallow middleware
2018-11-26 03:20:21,217 INFO 4821 [egg-security] use noopen middleware
2018-11-26 03:20:21,217 INFO 4821 [egg-security] use nosniff middleware
2018-11-26 03:20:21,217 INFO 4821 [egg-security] use xssProtection middleware
2018-11-26 03:20:21,217 INFO 4821 [egg-security] use xframe middleware
2018-11-26 03:20:21,218 INFO 4821 [egg-security] use dta middleware
2018-11-26 03:20:21,218 INFO 4821 [egg-security] compose 7 middlewares into one security middleware
2018-11-26 03:20:21,227 INFO 4821 [egg:core] dump config after load, 5ms
2018-11-26 03:20:21,236 INFO 4821 [egg-watcher:application] watcher start success
2018-11-26 03:20:21,243 INFO 4821 [egg:core] dump config after ready, 5ms
2018-11-26 03:20:56,375 INFO 4875 [egg:logger] init all loggers with options: {"dir":"/Volumes/Repos/paul-backend/logs/ot-api","encoding":"utf8","env":"local","level":"INFO","consoleLevel":"DEBUG","disableConsoleAfterReady":false,"outputJSON":false,"buffer":true,"appLogName":"ot-api-web.log","coreLogName":"egg-web.log","agentLogName":"egg-agent.log","errorLogName":"common-error.log","coreLogger":{"consoleLevel":"WARN"},"allowDebugAtProd":false,"type":"application"}
2018-11-26 03:20:56,417 INFO 4875 [egg-schedule]: register schedule /Volumes/Repos/paul-backend/node_modules/egg-logrotator/app/schedule/clean_log.js
2018-11-26 03:20:56,417 INFO 4875 [egg-schedule]: register schedule /Volumes/Repos/paul-backend/node_modules/egg-logrotator/app/schedule/rotate_by_file.js
2018-11-26 03:20:56,418 INFO 4875 [egg-multipart] stream mode enable
2018-11-26 03:20:56,490 INFO 4875 [egg-static] starting static serve /public/ -> /Volumes/Repos/paul-backend/app/public
2018-11-26 03:20:56,492 INFO 4875 [egg-security] use csrf middleware
2018-11-26 03:20:56,493 INFO 4875 [egg-security] use methodnoallow middleware
2018-11-26 03:20:56,493 INFO 4875 [egg-security] use noopen middleware
2018-11-26 03:20:56,493 INFO 4875 [egg-security] use nosniff middleware
2018-11-26 03:20:56,494 INFO 4875 [egg-security] use xssProtection middleware
2018-11-26 03:20:56,494 INFO 4875 [egg-security] use xframe middleware
2018-11-26 03:20:56,494 INFO 4875 [egg-security] use dta middleware
2018-11-26 03:20:56,494 INFO 4875 [egg-security] compose 7 middlewares into one security middleware
2018-11-26 03:20:56,503 INFO 4875 [egg:core] dump config after load, 4ms
2018-11-26 03:20:56,513 INFO 4875 [egg-watcher:application] watcher start success
2018-11-26 03:20:56,518 INFO 4875 [egg:core] dump config after ready, 3ms
2018-11-26 03:21:12,416 INFO 4886 [egg:logger] init all loggers with options: {"dir":"/Volumes/Repos/paul-backend/logs/ot-api","encoding":"utf8","env":"local","level":"INFO","consoleLevel":"DEBUG","disableConsoleAfterReady":false,"outputJSON":false,"buffer":true,"appLogName":"ot-api-web.log","coreLogName":"egg-web.log","agentLogName":"egg-agent.log","errorLogName":"common-error.log","coreLogger":{"consoleLevel":"WARN"},"allowDebugAtProd":false,"type":"application"}
2018-11-26 03:21:12,452 INFO 4886 [egg-schedule]: register schedule /Volumes/Repos/paul-backend/node_modules/egg-logrotator/app/schedule/clean_log.js
2018-11-26 03:21:12,452 INFO 4886 [egg-schedule]: register schedule /Volumes/Repos/paul-backend/node_modules/egg-logrotator/app/schedule/rotate_by_file.js
2018-11-26 03:21:12,453 INFO 4886 [egg-multipart] stream mode enable
2018-11-26 03:21:12,519 INFO 4886 [egg-static] starting static serve /public/ -> /Volumes/Repos/paul-backend/app/public
2018-11-26 03:21:12,522 INFO 4886 [egg-security] use csrf middleware
2018-11-26 03:21:12,522 INFO 4886 [egg-security] use methodnoallow middleware
2018-11-26 03:21:12,523 INFO 4886 [egg-security] use noopen middleware
2018-11-26 03:21:12,523 INFO 4886 [egg-security] use nosniff middleware
2018-11-26 03:21:12,523 INFO 4886 [egg-security] use xssProtection middleware
2018-11-26 03:21:12,523 INFO 4886 [egg-security] use xframe middleware
2018-11-26 03:21:12,524 INFO 4886 [egg-security] use dta middleware
2018-11-26 03:21:12,524 INFO 4886 [egg-security] compose 7 middlewares into one security middleware
2018-11-26 03:21:12,532 INFO 4886 [egg:core] dump config after load, 4ms
2018-11-26 03:21:12,541 INFO 4886 [egg-watcher:application] watcher start success
2018-11-26 03:21:12,546 INFO 4886 [egg:core] dump config after ready, 3ms
2018-11-26 03:23:07,835 INFO 5007 [egg:logger] init all loggers with options: {"dir":"/Volumes/Repos/paul-backend/logs/ot-api","encoding":"utf8","env":"local","level":"INFO","consoleLevel":"DEBUG","disableConsoleAfterReady":false,"outputJSON":false,"buffer":true,"appLogName":"ot-api-web.log","coreLogName":"egg-web.log","agentLogName":"egg-agent.log","errorLogName":"common-error.log","coreLogger":{"consoleLevel":"WARN"},"allowDebugAtProd":false,"type":"application"}
2018-11-26 03:23:07,867 INFO 5007 [egg-schedule]: register schedule /Volumes/Repos/paul-backend/node_modules/egg-logrotator/app/schedule/clean_log.js
2018-11-26 03:23:07,867 INFO 5007 [egg-schedule]: register schedule /Volumes/Repos/paul-backend/node_modules/egg-logrotator/app/schedule/rotate_by_file.js
2018-11-26 03:23:07,867 INFO 5007 [egg-multipart] stream mode enable
2018-11-26 03:23:07,981 INFO 5007 [egg-static] starting static serve /public/ -> /Volumes/Repos/paul-backend/app/public
2018-11-26 03:23:07,984 INFO 5007 [egg-security] use csrf middleware
2018-11-26 03:23:07,984 INFO 5007 [egg-security] use methodnoallow middleware
2018-11-26 03:23:07,984 INFO 5007 [egg-security] use noopen middleware
2018-11-26 03:23:07,985 INFO 5007 [egg-security] use nosniff middleware
2018-11-26 03:23:07,985 INFO 5007 [egg-security] use xssProtection middleware
2018-11-26 03:23:07,985 INFO 5007 [egg-security] use xframe middleware
2018-11-26 03:23:07,986 INFO 5007 [egg-security] use dta middleware
2018-11-26 03:23:07,986 INFO 5007 [egg-security] compose 7 middlewares into one security middleware
2018-11-26 03:23:07,994 INFO 5007 [egg:core] dump config after load, 4ms
2018-11-26 03:23:08,005 INFO 5007 [egg-watcher:application] watcher start success
2018-11-26 03:23:08,011 INFO 5007 [egg:core] dump config after ready, 4ms
2018-11-26 03:24:16,737 INFO 5203 [egg:logger] init all loggers with options: {"dir":"/Volumes/Repos/paul-backend/logs/ot-api","encoding":"utf8","env":"local","level":"INFO","consoleLevel":"DEBUG","disableConsoleAfterReady":false,"outputJSON":false,"buffer":true,"appLogName":"ot-api-web.log","coreLogName":"egg-web.log","agentLogName":"egg-agent.log","errorLogName":"common-error.log","coreLogger":{"consoleLevel":"WARN"},"allowDebugAtProd":false,"type":"application"}
2018-11-26 03:24:16,777 INFO 5203 [egg-schedule]: register schedule /Volumes/Repos/paul-backend/node_modules/egg-logrotator/app/schedule/clean_log.js
2018-11-26 03:24:16,777 INFO 5203 [egg-schedule]: register schedule /Volumes/Repos/paul-backend/node_modules/egg-logrotator/app/schedule/rotate_by_file.js
2018-11-26 03:24:16,778 INFO 5203 [egg-multipart] stream mode enable
2018-11-26 03:24:16,899 INFO 5203 [egg-static] starting static serve /public/ -> /Volumes/Repos/paul-backend/app/public
2018-11-26 03:24:16,902 INFO 5203 [egg-security] use csrf middleware
2018-11-26 03:24:16,903 INFO 5203 [egg-security] use methodnoallow middleware
2018-11-26 03:24:16,903 INFO 5203 [egg-security] use noopen middleware
2018-11-26 03:24:16,903 INFO 5203 [egg-security] use nosniff middleware
2018-11-26 03:24:16,903 INFO 5203 [egg-security] use xssProtection middleware
2018-11-26 03:24:16,904 INFO 5203 [egg-security] use xframe middleware
2018-11-26 03:24:16,904 INFO 5203 [egg-security] use dta middleware
2018-11-26 03:24:16,904 INFO 5203 [egg-security] compose 7 middlewares into one security middleware
2018-11-26 03:24:16,912 INFO 5203 [egg:core] dump config after load, 4ms
2018-11-26 03:24:16,925 INFO 5203 [egg-watcher:application] watcher start success
2018-11-26 03:24:16,929 INFO 5203 [egg:core] dump config after ready, 3ms
2018-11-26 03:24:39,206 INFO 5312 [egg:logger] init all loggers with options: {"dir":"/Volumes/Repos/paul-backend/logs/ot-api","encoding":"utf8","env":"local","level":"INFO","consoleLevel":"DEBUG","disableConsoleAfterReady":false,"outputJSON":false,"buffer":true,"appLogName":"ot-api-web.log","coreLogName":"egg-web.log","agentLogName":"egg-agent.log","errorLogName":"common-error.log","coreLogger":{"consoleLevel":"WARN"},"allowDebugAtProd":false,"type":"application"}
2018-11-26 03:24:39,237 INFO 5312 [egg-schedule]: register schedule /Volumes/Repos/paul-backend/node_modules/egg-logrotator/app/schedule/clean_log.js
2018-11-26 03:24:39,237 INFO 5312 [egg-schedule]: register schedule /Volumes/Repos/paul-backend/node_modules/egg-logrotator/app/schedule/rotate_by_file.js
2018-11-26 03:24:39,238 INFO 5312 [egg-multipart] stream mode enable
2018-11-26 03:24:39,309 INFO 5312 [egg-static] starting static serve /public/ -> /Volumes/Repos/paul-backend/app/public
2018-11-26 03:24:39,311 INFO 5312 [egg-security] use csrf middleware
2018-11-26 03:24:39,311 INFO 5312 [egg-security] use methodnoallow middleware
2018-11-26 03:24:39,312 INFO 5312 [egg-security] use noopen middleware
2018-11-26 03:24:39,312 INFO 5312 [egg-security] use nosniff middleware
2018-11-26 03:24:39,312 INFO 5312 [egg-security] use xssProtection middleware
2018-11-26 03:24:39,312 INFO 5312 [egg-security] use xframe middleware
2018-11-26 03:24:39,313 INFO 5312 [egg-security] use dta middleware
2018-11-26 03:24:39,313 INFO 5312 [egg-security] compose 7 middlewares into one security middleware
2018-11-26 03:24:39,322 INFO 5312 [egg:core] dump config after load, 4ms
2018-11-26 03:24:39,332 INFO 5312 [egg-watcher:application] watcher start success
2018-11-26 03:24:39,339 INFO 5312 [egg:core] dump config after ready, 4ms
2018-11-26 03:27:23,860 INFO 5409 [egg:logger] init all loggers with options: {"dir":"/Volumes/Repos/paul-backend/logs/ot-api","encoding":"utf8","env":"local","level":"INFO","consoleLevel":"DEBUG","disableConsoleAfterReady":false,"outputJSON":false,"buffer":true,"appLogName":"ot-api-web.log","coreLogName":"egg-web.log","agentLogName":"egg-agent.log","errorLogName":"common-error.log","coreLogger":{"consoleLevel":"WARN"},"allowDebugAtProd":false,"type":"application"}
2018-11-26 03:27:23,893 INFO 5409 [egg-schedule]: register schedule /Volumes/Repos/paul-backend/node_modules/egg-logrotator/app/schedule/clean_log.js
2018-11-26 03:27:23,893 INFO 5409 [egg-schedule]: register schedule /Volumes/Repos/paul-backend/node_modules/egg-logrotator/app/schedule/rotate_by_file.js
2018-11-26 03:27:23,894 INFO 5409 [egg-multipart] stream mode enable
2018-11-26 03:27:24,052 INFO 5409 [egg-static] starting static serve /public/ -> /Volumes/Repos/paul-backend/app/public
2018-11-26 03:27:24,053 INFO 5409 [egg-security] use csrf middleware
2018-11-26 03:27:24,054 INFO 5409 [egg-security] use methodnoallow middleware
2018-11-26 03:27:24,054 INFO 5409 [egg-security] use noopen middleware
2018-11-26 03:27:24,055 INFO 5409 [egg-security] use nosniff middleware
2018-11-26 03:27:24,055 INFO 5409 [egg-security] use xssProtection middleware
2018-11-26 03:27:24,055 INFO 5409 [egg-security] use xframe middleware
2018-11-26 03:27:24,055 INFO 5409 [egg-security] use dta middleware
2018-11-26 03:27:24,055 INFO 5409 [egg-security] compose 7 middlewares into one security middleware
2018-11-26 03:27:24,065 INFO 5409 [egg:core] dump config after load, 6ms
2018-11-26 03:27:24,080 INFO 5409 [egg-watcher:application] watcher start success
2018-11-26 03:27:24,089 INFO 5409 [egg:core] dump config after ready, 4ms
2018-11-29 03:35:37,021 INFO 39040 [egg:logger] init all loggers with options: {"dir":"/Volumes/Repos/paul-backend/logs/ot-api","encoding":"utf8","env":"local","level":"INFO","consoleLevel":"DEBUG","disableConsoleAfterReady":false,"outputJSON":false,"buffer":true,"appLogName":"ot-api-web.log","coreLogName":"egg-web.log","agentLogName":"egg-agent.log","errorLogName":"common-error.log","coreLogger":{"consoleLevel":"WARN"},"allowDebugAtProd":false,"type":"application"}
2018-11-29 03:35:37,047 INFO 39040 [egg-schedule]: register schedule /Volumes/Repos/paul-backend/node_modules/egg-logrotator/app/schedule/clean_log.js
2018-11-29 03:35:37,047 INFO 39040 [egg-schedule]: register schedule /Volumes/Repos/paul-backend/node_modules/egg-logrotator/app/schedule/rotate_by_file.js
2018-11-29 03:35:37,047 INFO 39040 [egg-multipart] stream mode enable
2018-11-29 03:35:38,080 INFO 39040 [egg-static] starting static serve /public/ -> /Volumes/Repos/paul-backend/app/public
2018-11-29 03:35:38,087 INFO 39040 [egg-security] use csrf middleware
2018-11-29 03:35:38,088 INFO 39040 [egg-security] use methodnoallow middleware
2018-11-29 03:35:38,088 INFO 39040 [egg-security] use noopen middleware
2018-11-29 03:35:38,096 INFO 39040 [egg-security] use nosniff middleware
2018-11-29 03:35:38,097 INFO 39040 [egg-security] use xssProtection middleware
2018-11-29 03:35:38,098 INFO 39040 [egg-security] use xframe middleware
2018-11-29 03:35:38,099 INFO 39040 [egg-security] use dta middleware
2018-11-29 03:35:38,099 INFO 39040 [egg-security] compose 7 middlewares into one security middleware
2018-11-29 03:35:38,116 INFO 39040 [egg:core] dump config after load, 5ms
2018-11-29 03:35:47,454 INFO 39052 [egg:logger] init all loggers with options: {"dir":"/Volumes/Repos/paul-backend/logs/ot-api","encoding":"utf8","env":"local","level":"INFO","consoleLevel":"DEBUG","disableConsoleAfterReady":false,"outputJSON":false,"buffer":true,"appLogName":"ot-api-web.log","coreLogName":"egg-web.log","agentLogName":"egg-agent.log","errorLogName":"common-error.log","coreLogger":{"consoleLevel":"WARN"},"allowDebugAtProd":false,"type":"application"}
2018-11-29 03:35:47,485 INFO 39052 [egg-schedule]: register schedule /Volumes/Repos/paul-backend/node_modules/egg-logrotator/app/schedule/clean_log.js
2018-11-29 03:35:47,485 INFO 39052 [egg-schedule]: register schedule /Volumes/Repos/paul-backend/node_modules/egg-logrotator/app/schedule/rotate_by_file.js
2018-11-29 03:35:47,485 INFO 39052 [egg-multipart] stream mode enable
2018-11-29 03:35:47,593 INFO 39052 [egg-static] starting static serve /public/ -> /Volumes/Repos/paul-backend/app/public
2018-11-29 03:35:47,594 INFO 39052 [egg-security] use csrf middleware
2018-11-29 03:35:47,595 INFO 39052 [egg-security] use methodnoallow middleware
2018-11-29 03:35:47,595 INFO 39052 [egg-security] use noopen middleware
2018-11-29 03:35:47,595 INFO 39052 [egg-security] use nosniff middleware
2018-11-29 03:35:47,596 INFO 39052 [egg-security] use xssProtection middleware
2018-11-29 03:35:47,596 INFO 39052 [egg-security] use xframe middleware
2018-11-29 03:35:47,596 INFO 39052 [egg-security] use dta middleware
2018-11-29 03:35:47,596 INFO 39052 [egg-security] compose 7 middlewares into one security middleware
2018-11-29 03:35:47,605 INFO 39052 [egg:core] dump config after load, 4ms
2018-11-29 03:35:47,617 INFO 39052 [egg-watcher:application] watcher start success
2018-11-29 03:35:47,622 INFO 39052 [egg:core] dump config after ready, 3ms
2018-11-29 14:49:43,357 INFO 53955 [egg:logger] init all loggers with options: {"dir":"/Volumes/Repos/paul-backend/logs/ot-api","encoding":"utf8","env":"local","level":"INFO","consoleLevel":"DEBUG","disableConsoleAfterReady":false,"outputJSON":false,"buffer":true,"appLogName":"ot-api-web.log","coreLogName":"egg-web.log","agentLogName":"egg-agent.log","errorLogName":"common-error.log","coreLogger":{"consoleLevel":"WARN"},"allowDebugAtProd":false,"type":"application"}
2018-11-29 14:49:43,384 INFO 53955 [egg-schedule]: register schedule /Volumes/Repos/paul-backend/node_modules/egg-logrotator/app/schedule/clean_log.js
2018-11-29 14:49:43,384 INFO 53955 [egg-schedule]: register schedule /Volumes/Repos/paul-backend/node_modules/egg-logrotator/app/schedule/rotate_by_file.js
2018-11-29 14:49:43,384 INFO 53955 [egg-multipart] stream mode enable
2018-11-29 14:49:46,109 INFO 53955 [egg-static] starting static serve /public/ -> /Volumes/Repos/paul-backend/app/public
2018-11-29 14:49:46,124 INFO 53955 [egg-security] use csrf middleware
2018-11-29 14:49:46,131 INFO 53955 [egg-security] use methodnoallow middleware
2018-11-29 14:49:46,132 INFO 53955 [egg-security] use noopen middleware
2018-11-29 14:49:46,142 INFO 53955 [egg-security] use nosniff middleware
2018-11-29 14:49:46,151 INFO 53955 [egg-security] use xssProtection middleware
2018-11-29 14:49:46,151 INFO 53955 [egg-security] use xframe middleware
2018-11-29 14:49:46,167 INFO 53955 [egg-security] use dta middleware
2018-11-29 14:49:46,167 INFO 53955 [egg-security] compose 7 middlewares into one security middleware
2018-11-29 14:49:46,231 INFO 53955 [egg:core] dump config after load, 4ms
2018-11-29 14:49:46,269 INFO 53955 [egg-watcher:application] watcher start success
2018-11-29 14:49:46,291 INFO 53955 [egg:core] dump config after ready, 20ms
2018-12-03 04:36:39,757 INFO 1972 [egg:logger] init all loggers with options: {"dir":"/Volumes/Repos/paul-backend/logs/ot-api","encoding":"utf8","env":"local","level":"INFO","consoleLevel":"DEBUG","disableConsoleAfterReady":false,"outputJSON":false,"buffer":true,"appLogName":"ot-api-web.log","coreLogName":"egg-web.log","agentLogName":"egg-agent.log","errorLogName":"common-error.log","coreLogger":{"consoleLevel":"WARN"},"allowDebugAtProd":false,"type":"application"}
2018-12-03 04:36:39,784 INFO 1972 [egg-schedule]: register schedule /Volumes/Repos/paul-backend/node_modules/egg-logrotator/app/schedule/clean_log.js
2018-12-03 04:36:39,784 INFO 1972 [egg-schedule]: register schedule /Volumes/Repos/paul-backend/node_modules/egg-logrotator/app/schedule/rotate_by_file.js
2018-12-03 04:36:39,785 INFO 1972 [egg-multipart] stream mode enable
2018-12-03 04:36:40,783 INFO 1972 [egg-static] starting static serve /public/ -> /Volumes/Repos/paul-backend/app/public
2018-12-03 04:36:40,798 INFO 1972 [egg-security] use csrf middleware
2018-12-03 04:36:40,798 INFO 1972 [egg-security] use methodnoallow middleware
2018-12-03 04:36:40,799 INFO 1972 [egg-security] use noopen middleware
2018-12-03 04:36:40,800 INFO 1972 [egg-security] use nosniff middleware
2018-12-03 04:36:40,800 INFO 1972 [egg-security] use xssProtection middleware
2018-12-03 04:36:40,801 INFO 1972 [egg-security] use xframe middleware
2018-12-03 04:36:40,802 INFO 1972 [egg-security] use dta middleware
2018-12-03 04:36:40,802 INFO 1972 [egg-security] compose 7 middlewares into one security middleware
2018-12-03 04:36:40,826 INFO 1972 [egg:core] dump config after load, 4ms
2018-12-03 04:36:40,839 INFO 1972 [egg-watcher:application] watcher start success
2018-12-03 04:36:40,890 INFO 1972 [egg:core] dump config after ready, 49ms
